hi
Restoring modules from user's standard_modules
parameter values for minimization:
K33 = 3.000000e+01
k24 = 6.000000e-01
Lambda = 0.000000e+00
d0 = 1.000000e+00
omega = 4.990000e+01
gamma_s = 1.000000e-01
initial guesses for R, eta, and delta:
guess for R = 5.000000e-01
guess for eta = 6.300000e+00
guess for delta = 8.100000e-01
estimated ranges of R, eta, and delta:
upper bound estimate of R = 2.000000e+00
lower bound estimate of R = 1.000000e-01
upper bound estimate of eta = 6.430000e+00
lower bound estimate of eta = 6.290000e+00
upper bound estimate of delta = 8.160000e-01
lower bound estimate of delta = 8.000000e-01
    iteration	            R	          eta	        delta	            E	         dEdR	       dEdeta	     dEddelta	    grad norm
minimum found at:
            5	 4.384966e-01	 6.300000e+00	 8.164966e-01	-8.299382e+00	-2.243819e-09	 0.000000e+00	-4.810966e-08	 4.816196e-08
psi(R) = 3.15e-01
parameter values for minimization:
K33 = 3.000000e+01
k24 = 6.000000e-01
Lambda = 1.000000e+00
d0 = 1.000000e+00
omega = 4.990000e+01
gamma_s = 1.000000e-01
initial guesses for R, eta, and delta:
guess for R = 4.384966e-01
guess for eta = 6.300000e+00
guess for delta = 8.164966e-01
estimated ranges of R, eta, and delta:
upper bound estimate of R = 6.577449e-01
lower bound estimate of R = 3.288724e-01
upper bound estimate of eta = 6.400000e+00
lower bound estimate of eta = 6.280000e+00
upper bound estimate of delta = 8.180000e-01
lower bound estimate of delta = 8.100000e-01
    iteration	            R	          eta	        delta	            E	         dEdR	       dEdeta	     dEddelta	    grad norm
minimum found at:
           13	 3.105556e-01	 6.358737e+00	 8.147800e-01	-8.190215e+00	 5.383350e-08	 2.309264e-07	 6.513308e-07	 6.931500e-07
psi(R) = 2.39e-01
parameter values for minimization:
K33 = 3.000000e+01
k24 = 6.000000e-01
Lambda = 2.000000e+00
d0 = 1.000000e+00
omega = 4.990000e+01
gamma_s = 1.000000e-01
initial guesses for R, eta, and delta:
guess for R = 3.105556e-01
guess for eta = 6.358737e+00
guess for delta = 8.147800e-01
estimated ranges of R, eta, and delta:
upper bound estimate of R = 4.658334e-01
lower bound estimate of R = 2.329167e-01
upper bound estimate of eta = 6.458737e+00
lower bound estimate of eta = 6.338737e+00
upper bound estimate of delta = 8.180000e-01
lower bound estimate of delta = 8.100000e-01
    iteration	            R	          eta	        delta	            E	         dEdR	       dEdeta	     dEddelta	    grad norm
a-alpha = 5.682864e-08, fpa = 1.947322e-09
a-alpha = -6.315088e-08, fpa = -1.416182e-09
minimum found at:
           18	 2.867599e-01	 6.347910e+00	 8.141633e-01	-8.133558e+00	-4.362401e-07	 9.128500e-08	-4.011606e-06	 4.036288e-06
psi(R) = 2.19e-01
parameter values for minimization:
K33 = 3.000000e+01
k24 = 6.000000e-01
Lambda = 3.000000e+00
d0 = 1.000000e+00
omega = 4.990000e+01
gamma_s = 1.000000e-01
initial guesses for R, eta, and delta:
guess for R = 2.867599e-01
guess for eta = 6.347910e+00
guess for delta = 8.141633e-01
estimated ranges of R, eta, and delta:
upper bound estimate of R = 4.301398e-01
lower bound estimate of R = 2.150699e-01
upper bound estimate of eta = 6.447910e+00
lower bound estimate of eta = 6.327910e+00
upper bound estimate of delta = 8.180000e-01
lower bound estimate of delta = 8.100000e-01
    iteration	            R	          eta	        delta	            E	         dEdR	       dEdeta	     dEddelta	    grad norm
minimum found at:
           11	 2.753988e-01	 6.341755e+00	 8.137801e-01	-8.092174e+00	 4.680349e-09	-1.385065e-06	 7.993606e-07	 1.599189e-06
psi(R) = 2.07e-01
parameter values for minimization:
K33 = 3.000000e+01
k24 = 6.000000e-01
Lambda = 4.000000e+00
d0 = 1.000000e+00
omega = 4.990000e+01
gamma_s = 1.000000e-01
initial guesses for R, eta, and delta:
guess for R = 2.753988e-01
guess for eta = 6.341755e+00
guess for delta = 8.137801e-01
estimated ranges of R, eta, and delta:
upper bound estimate of R = 4.130982e-01
lower bound estimate of R = 2.065491e-01
upper bound estimate of eta = 6.441755e+00
lower bound estimate of eta = 6.321755e+00
upper bound estimate of delta = 8.180000e-01
lower bound estimate of delta = 8.100000e-01
    iteration	            R	          eta	        delta	            E	         dEdR	       dEdeta	     dEddelta	    grad norm
minimum found at:
           10	 2.690601e-01	 6.337527e+00	 8.135122e-01	-8.059046e+00	 3.901609e-07	 1.929321e-07	 1.406282e-06	 1.472100e-06
psi(R) = 1.99e-01
parameter values for minimization:
K33 = 3.000000e+01
k24 = 6.000000e-01
Lambda = 5.000000e+00
d0 = 1.000000e+00
omega = 4.990000e+01
gamma_s = 1.000000e-01
initial guesses for R, eta, and delta:
guess for R = 2.690601e-01
guess for eta = 6.337527e+00
guess for delta = 8.135122e-01
estimated ranges of R, eta, and delta:
upper bound estimate of R = 4.035902e-01
lower bound estimate of R = 2.017951e-01
upper bound estimate of eta = 6.437527e+00
lower bound estimate of eta = 6.317527e+00
upper bound estimate of delta = 8.180000e-01
lower bound estimate of delta = 8.100000e-01
    iteration	            R	          eta	        delta	            E	         dEdR	       dEdeta	     dEddelta	    grad norm
a-alpha = 8.935017e-09, fpa = 1.215956e-08
a-alpha = 3.174742e-08, fpa = 2.053168e-09
a-alpha = -5.293094e-08, fpa = -1.426959e-09
a-alpha = 1.739409e-08, fpa = 2.730729e-09
a-alpha = 1.859239e-08, fpa = 1.845730e-09
minimum found at:
           28	 2.654685e-01	 6.334347e+00	 8.133153e-01	-8.031271e+00	 4.985305e-07	-8.644937e-07	-7.549517e-07	 1.251333e-06
psi(R) = 1.92e-01
parameter values for minimization:
K33 = 3.000000e+01
k24 = 6.000000e-01
Lambda = 6.000000e+00
d0 = 1.000000e+00
omega = 4.990000e+01
gamma_s = 1.000000e-01
initial guesses for R, eta, and delta:
guess for R = 2.654685e-01
guess for eta = 6.334347e+00
guess for delta = 8.133153e-01
estimated ranges of R, eta, and delta:
upper bound estimate of R = 3.982027e-01
lower bound estimate of R = 1.991014e-01
upper bound estimate of eta = 6.434347e+00
lower bound estimate of eta = 6.314347e+00
upper bound estimate of delta = 8.180000e-01
lower bound estimate of delta = 8.100000e-01
    iteration	            R	          eta	        delta	            E	         dEdR	       dEdeta	     dEddelta	    grad norm
minimum found at:
           11	 2.636547e-01	 6.331826e+00	 8.131679e-01	-8.007323e+00	-5.561300e-07	 6.419556e-07	 1.461054e-05	 1.463520e-05
psi(R) = 1.87e-01
parameter values for minimization:
K33 = 3.000000e+01
k24 = 6.000000e-01
Lambda = 7.000000e+00
d0 = 1.000000e+00
omega = 4.990000e+01
gamma_s = 1.000000e-01
initial guesses for R, eta, and delta:
guess for R = 2.636547e-01
guess for eta = 6.331826e+00
guess for delta = 8.131679e-01
estimated ranges of R, eta, and delta:
upper bound estimate of R = 3.954821e-01
lower bound estimate of R = 1.977410e-01
upper bound estimate of eta = 6.431826e+00
lower bound estimate of eta = 6.311826e+00
upper bound estimate of delta = 8.180000e-01
lower bound estimate of delta = 8.100000e-01
    iteration	            R	          eta	        delta	            E	         dEdR	       dEdeta	     dEddelta	    grad norm
minimum found at:
            6	 2.631370e-01	 6.329755e+00	 8.130572e-01	-7.986280e+00	 2.082617e-07	-8.339008e-07	-2.324067e-06	 2.477912e-06
psi(R) = 1.82e-01
parameter values for minimization:
K33 = 3.000000e+01
k24 = 6.000000e-01
Lambda = 8.000000e+00
d0 = 1.000000e+00
omega = 4.990000e+01
gamma_s = 1.000000e-01
initial guesses for R, eta, and delta:
guess for R = 2.631370e-01
guess for eta = 6.329755e+00
guess for delta = 8.130572e-01
estimated ranges of R, eta, and delta:
upper bound estimate of R = 3.947055e-01
lower bound estimate of R = 1.973528e-01
upper bound estimate of eta = 6.429755e+00
lower bound estimate of eta = 6.309755e+00
upper bound estimate of delta = 8.180000e-01
lower bound estimate of delta = 8.100000e-01
    iteration	            R	          eta	        delta	            E	         dEdR	       dEdeta	     dEddelta	    grad norm
minimum found at:
            9	 2.636596e-01	 6.328015e+00	 8.129761e-01	-7.967542e+00	 3.660375e-07	 3.473764e-07	-1.844821e-05	 1.845511e-05
psi(R) = 1.78e-01
parameter values for minimization:
K33 = 3.000000e+01
k24 = 6.000000e-01
Lambda = 9.000000e+00
d0 = 1.000000e+00
omega = 4.990000e+01
gamma_s = 1.000000e-01
initial guesses for R, eta, and delta:
guess for R = 2.636596e-01
guess for eta = 6.328015e+00
guess for delta = 8.129761e-01
estimated ranges of R, eta, and delta:
upper bound estimate of R = 3.954894e-01
lower bound estimate of R = 1.977447e-01
upper bound estimate of eta = 6.428015e+00
lower bound estimate of eta = 6.308015e+00
upper bound estimate of delta = 8.180000e-01
lower bound estimate of delta = 8.100000e-01
    iteration	            R	          eta	        delta	            E	         dEdR	       dEdeta	     dEddelta	    grad norm
a-alpha = -5.884291e-08, fpa = -7.751808e-10
a-alpha = 3.417753e-08, fpa = 6.189622e-09
minimum found at:
           11	 2.650919e-01	 6.326527e+00	 8.129201e-01	-7.950692e+00	-4.446626e-08	-1.331034e-06	-1.739349e-07	 1.343087e-06
psi(R) = 1.75e-01
parameter values for minimization:
K33 = 3.000000e+01
k24 = 6.000000e-01
Lambda = 1.000000e+01
d0 = 1.000000e+00
omega = 4.990000e+01
gamma_s = 1.000000e-01
initial guesses for R, eta, and delta:
guess for R = 2.650919e-01
guess for eta = 6.326527e+00
guess for delta = 8.129201e-01
estimated ranges of R, eta, and delta:
upper bound estimate of R = 3.976378e-01
lower bound estimate of R = 1.988189e-01
upper bound estimate of eta = 6.426527e+00
lower bound estimate of eta = 6.306527e+00
upper bound estimate of delta = 8.180000e-01
lower bound estimate of delta = 8.100000e-01
    iteration	            R	          eta	        delta	            E	         dEdR	       dEdeta	     dEddelta	    grad norm
minimum found at:
            6	 2.673858e-01	 6.325242e+00	 8.128856e-01	-7.935429e+00	-4.809764e-08	 1.517305e-07	 1.243450e-06	 1.253596e-06
psi(R) = 1.72e-01
parameter values for minimization:
K33 = 3.000000e+01
k24 = 6.000000e-01
Lambda = 1.100000e+01
d0 = 1.000000e+00
omega = 4.990000e+01
gamma_s = 1.000000e-01
initial guesses for R, eta, and delta:
guess for R = 2.673858e-01
guess for eta = 6.325242e+00
guess for delta = 8.128856e-01
estimated ranges of R, eta, and delta:
upper bound estimate of R = 4.010787e-01
lower bound estimate of R = 2.005394e-01
upper bound estimate of eta = 6.425242e+00
lower bound estimate of eta = 6.305242e+00
upper bound estimate of delta = 8.180000e-01
lower bound estimate of delta = 8.100000e-01
    iteration	            R	          eta	        delta	            E	         dEdR	       dEdeta	     dEddelta	    grad norm
minimum found at:
            6	 2.705590e-01	 6.324125e+00	 8.128710e-01	-7.921527e+00	-2.509737e-08	 3.700743e-09	 7.771561e-07	 7.775701e-07
psi(R) = 1.69e-01
parameter values for minimization:
K33 = 3.000000e+01
k24 = 6.000000e-01
Lambda = 1.200000e+01
d0 = 1.000000e+00
omega = 4.990000e+01
gamma_s = 1.000000e-01
initial guesses for R, eta, and delta:
guess for R = 2.705590e-01
guess for eta = 6.324125e+00
guess for delta = 8.128710e-01
estimated ranges of R, eta, and delta:
upper bound estimate of R = 4.058385e-01
lower bound estimate of R = 2.029192e-01
upper bound estimate of eta = 6.424125e+00
lower bound estimate of eta = 6.304125e+00
upper bound estimate of delta = 8.180000e-01
lower bound estimate of delta = 8.100000e-01
    iteration	            R	          eta	        delta	            E	         dEdR	       dEdeta	     dEddelta	    grad norm
minimum found at:
            6	 2.746982e-01	 6.323156e+00	 8.128757e-01	-7.908819e+00	 1.809162e-08	-7.028945e-07	-1.480297e-07	 7.185408e-07
psi(R) = 1.66e-01
parameter values for minimization:
K33 = 3.000000e+01
k24 = 6.000000e-01
Lambda = 1.300000e+01
d0 = 1.000000e+00
omega = 4.990000e+01
gamma_s = 1.000000e-01
initial guesses for R, eta, and delta:
guess for R = 2.746982e-01
guess for eta = 6.323156e+00
guess for delta = 8.128757e-01
estimated ranges of R, eta, and delta:
upper bound estimate of R = 4.120473e-01
lower bound estimate of R = 2.060237e-01
upper bound estimate of eta = 6.423156e+00
lower bound estimate of eta = 6.303156e+00
upper bound estimate of delta = 8.180000e-01
lower bound estimate of delta = 8.100000e-01
    iteration	            R	          eta	        delta	            E	         dEdR	       dEdeta	     dEddelta	    grad norm
a-alpha = 2.538323e-09, fpa = 4.666087e-09
minimum found at:
           41	 2.799795e-01	 6.322320e+00	 8.129001e-01	-7.897174e+00	 1.378099e-07	 8.716484e-07	-8.989106e-06	 9.032319e-06
psi(R) = 1.64e-01
parameter values for minimization:
K33 = 3.000000e+01
k24 = 6.000000e-01
Lambda = 1.400000e+01
d0 = 1.000000e+00
omega = 4.990000e+01
gamma_s = 1.000000e-01
initial guesses for R, eta, and delta:
guess for R = 2.799795e-01
guess for eta = 6.322320e+00
guess for delta = 8.129001e-01
estimated ranges of R, eta, and delta:
upper bound estimate of R = 4.199692e-01
lower bound estimate of R = 2.099846e-01
upper bound estimate of eta = 6.422320e+00
lower bound estimate of eta = 6.302320e+00
upper bound estimate of delta = 8.180000e-01
lower bound estimate of delta = 8.100000e-01
    iteration	            R	          eta	        delta	            E	         dEdR	       dEdeta	     dEddelta	    grad norm
a-alpha = -3.501727e-08, fpa = -2.024894e-09
a-alpha = 2.700131e-09, fpa = 4.481131e-09
minimum found at:
           35	 2.867229e-01	 6.321616e+00	 8.129464e-01	-7.886496e+00	 6.216294e-07	 6.940127e-07	-3.634130e-06	 3.751663e-06
psi(R) = 1.62e-01
parameter values for minimization:
K33 = 3.000000e+01
k24 = 6.000000e-01
Lambda = 1.500000e+01
d0 = 1.000000e+00
omega = 4.990000e+01
gamma_s = 1.000000e-01
initial guesses for R, eta, and delta:
guess for R = 2.867229e-01
guess for eta = 6.321616e+00
guess for delta = 8.129464e-01
estimated ranges of R, eta, and delta:
upper bound estimate of R = 4.300844e-01
lower bound estimate of R = 2.150422e-01
upper bound estimate of eta = 6.421616e+00
lower bound estimate of eta = 6.301616e+00
upper bound estimate of delta = 8.180000e-01
lower bound estimate of delta = 8.100000e-01
    iteration	            R	          eta	        delta	            E	         dEdR	       dEdeta	     dEddelta	    grad norm
minimum found at:
            6	 2.955245e-01	 6.321055e+00	 8.130188e-01	-7.876716e+00	-4.351909e-07	 1.127493e-07	-7.512509e-06	 7.525948e-06
psi(R) = 1.60e-01
parameter values for minimization:
K33 = 3.000000e+01
k24 = 6.000000e-01
Lambda = 1.600000e+01
d0 = 1.000000e+00
omega = 4.990000e+01
gamma_s = 1.000000e-01
initial guesses for R, eta, and delta:
guess for R = 2.955245e-01
guess for eta = 6.321055e+00
guess for delta = 8.130188e-01
estimated ranges of R, eta, and delta:
upper bound estimate of R = 4.432868e-01
lower bound estimate of R = 2.216434e-01
upper bound estimate of eta = 6.421055e+00
lower bound estimate of eta = 6.301055e+00
upper bound estimate of delta = 8.180000e-01
lower bound estimate of delta = 8.100000e-01
    iteration	            R	          eta	        delta	            E	         dEdR	       dEdeta	     dEddelta	    grad norm
minimum found at:
            7	 3.076438e-01	 6.320678e+00	 8.131280e-01	-7.867798e+00	 1.970227e-07	 1.546911e-07	 7.649437e-06	 7.653537e-06
psi(R) = 1.58e-01
parameter values for minimization:
K33 = 3.000000e+01
k24 = 6.000000e-01
Lambda = 1.700000e+01
d0 = 1.000000e+00
omega = 4.990000e+01
gamma_s = 1.000000e-01
initial guesses for R, eta, and delta:
guess for R = 3.076438e-01
guess for eta = 6.320678e+00
guess for delta = 8.131280e-01
estimated ranges of R, eta, and delta:
upper bound estimate of R = 4.614657e-01
lower bound estimate of R = 2.307329e-01
upper bound estimate of eta = 6.420678e+00
lower bound estimate of eta = 6.300678e+00
upper bound estimate of delta = 8.180000e-01
lower bound estimate of delta = 8.100000e-01
    iteration	            R	          eta	        delta	            E	         dEdR	       dEdeta	     dEddelta	    grad norm
minimum found at:
           16	 3.265727e-01	 6.320616e+00	 8.133018e-01	-7.859752e+00	-1.153531e-07	-9.473903e-08	 6.294965e-06	 6.296734e-06
psi(R) = 1.57e-01
parameter values for minimization:
K33 = 3.000000e+01
k24 = 6.000000e-01
Lambda = 1.800000e+01
d0 = 1.000000e+00
omega = 4.990000e+01
gamma_s = 1.000000e-01
initial guesses for R, eta, and delta:
guess for R = 3.265727e-01
guess for eta = 6.320616e+00
guess for delta = 8.133018e-01
estimated ranges of R, eta, and delta:
upper bound estimate of R = 4.898590e-01
lower bound estimate of R = 2.449295e-01
upper bound estimate of eta = 6.420616e+00
lower bound estimate of eta = 6.300616e+00
upper bound estimate of delta = 8.180000e-01
lower bound estimate of delta = 8.100000e-01
    iteration	            R	          eta	        delta	            E	         dEdR	       dEdeta	     dEddelta	    grad norm
ss=8.527092609627e+22, lastss = 2.913718032521e+23
tol = 8.279062982205e-13
failed to integrate at x = (4.613846e+00,6.484758e+00,8.139781e-01)
solvde convergence failed when x = (4.613846e+00,6.484758e+00,8.139781e-01).
Retrying using a constant y value
minimum found at:
           22	 1.297408e+00	 6.360418e+00	 8.158841e-01	-7.857414e+00	-1.267983e-07	 7.894919e-09	 8.178643e-06	 8.179630e-06
psi(R) = 1.87e-01
parameter values for minimization:
K33 = 3.000000e+01
k24 = 6.000000e-01
Lambda = 1.900000e+01
d0 = 1.000000e+00
omega = 4.990000e+01
gamma_s = 1.000000e-01
initial guesses for R, eta, and delta:
guess for R = 1.297408e+00
guess for eta = 6.360418e+00
guess for delta = 8.158841e-01
estimated ranges of R, eta, and delta:
upper bound estimate of R = 1.946112e+00
lower bound estimate of R = 9.730560e-01
upper bound estimate of eta = 6.460418e+00
lower bound estimate of eta = 6.340418e+00
upper bound estimate of delta = 8.180000e-01
lower bound estimate of delta = 8.100000e-01
    iteration	            R	          eta	        delta	            E	         dEdR	       dEdeta	     dEddelta	    grad norm
minimum found at:
           10	 1.428869e+00	 6.364714e+00	 8.159615e-01	-7.856158e+00	 8.993848e-08	 2.977865e-07	 9.721853e-06	 9.726828e-06
psi(R) = 1.90e-01
parameter values for minimization:
K33 = 3.000000e+01
k24 = 6.000000e-01
Lambda = 2.000000e+01
d0 = 1.000000e+00
omega = 4.990000e+01
gamma_s = 1.000000e-01
initial guesses for R, eta, and delta:
guess for R = 1.428869e+00
guess for eta = 6.364714e+00
guess for delta = 8.159615e-01
estimated ranges of R, eta, and delta:
upper bound estimate of R = 2.143304e+00
lower bound estimate of R = 1.071652e+00
upper bound estimate of eta = 6.464714e+00
lower bound estimate of eta = 6.344714e+00
upper bound estimate of delta = 8.180000e-01
lower bound estimate of delta = 8.100000e-01
    iteration	            R	          eta	        delta	            E	         dEdR	       dEdeta	     dEddelta	    grad norm
minimum found at:
           36	 1.539955e+00	 6.368163e+00	 8.160154e-01	-7.855100e+00	-4.445098e-08	 1.233581e-07	-1.979898e-05	 1.979941e-05
psi(R) = 1.92e-01
parameter values for minimization:
K33 = 3.000000e+01
k24 = 6.000000e-01
Lambda = 2.100000e+01
d0 = 1.000000e+00
omega = 4.990000e+01
gamma_s = 1.000000e-01
initial guesses for R, eta, and delta:
guess for R = 1.539955e+00
guess for eta = 6.368163e+00
guess for delta = 8.160154e-01
estimated ranges of R, eta, and delta:
upper bound estimate of R = 2.309932e+00
lower bound estimate of R = 1.154966e+00
upper bound estimate of eta = 6.468163e+00
lower bound estimate of eta = 6.348163e+00
upper bound estimate of delta = 8.180000e-01
lower bound estimate of delta = 8.100000e-01
    iteration	            R	          eta	        delta	            E	         dEdR	       dEdeta	     dEddelta	    grad norm
minimum found at:
           14	 1.637753e+00	 6.371075e+00	 8.160569e-01	-7.854187e+00	-1.358581e-09	 1.793627e-07	 1.186458e-05	 1.186594e-05
psi(R) = 1.94e-01
parameter values for minimization:
K33 = 3.000000e+01
k24 = 6.000000e-01
Lambda = 2.200000e+01
d0 = 1.000000e+00
omega = 4.990000e+01
gamma_s = 1.000000e-01
initial guesses for R, eta, and delta:
guess for R = 1.637753e+00
guess for eta = 6.371075e+00
guess for delta = 8.160569e-01
estimated ranges of R, eta, and delta:
upper bound estimate of R = 2.456630e+00
lower bound estimate of R = 1.228315e+00
upper bound estimate of eta = 6.471075e+00
lower bound estimate of eta = 6.351075e+00
upper bound estimate of delta = 8.180000e-01
lower bound estimate of delta = 8.100000e-01
    iteration	            R	          eta	        delta	            E	         dEdR	       dEdeta	     dEddelta	    grad norm
minimum found at:
           24	 1.725780e+00	 6.373602e+00	 8.160893e-01	-7.853386e+00	-5.847363e-08	-8.899054e-07	-1.056562e-05	 1.060319e-05
psi(R) = 1.95e-01
parameter values for minimization:
K33 = 3.000000e+01
k24 = 6.000000e-01
Lambda = 2.300000e+01
d0 = 1.000000e+00
omega = 4.990000e+01
gamma_s = 1.000000e-01
initial guesses for R, eta, and delta:
guess for R = 1.725780e+00
guess for eta = 6.373602e+00
guess for delta = 8.160893e-01
estimated ranges of R, eta, and delta:
upper bound estimate of R = 2.588670e+00
lower bound estimate of R = 1.294335e+00
upper bound estimate of eta = 6.473602e+00
lower bound estimate of eta = 6.353602e+00
upper bound estimate of delta = 8.180000e-01
lower bound estimate of delta = 8.100000e-01
    iteration	            R	          eta	        delta	            E	         dEdR	       dEdeta	     dEddelta	    grad norm
minimum found at:
           15	 1.806243e+00	 6.375840e+00	 8.161161e-01	-7.852675e+00	 6.260472e-08	 9.027347e-07	 3.297362e-06	 3.419276e-06
psi(R) = 1.96e-01
parameter values for minimization:
K33 = 3.000000e+01
k24 = 6.000000e-01
Lambda = 2.400000e+01
d0 = 1.000000e+00
omega = 4.990000e+01
gamma_s = 1.000000e-01
initial guesses for R, eta, and delta:
guess for R = 1.806243e+00
guess for eta = 6.375840e+00
guess for delta = 8.161161e-01
estimated ranges of R, eta, and delta:
upper bound estimate of R = 2.709364e+00
lower bound estimate of R = 1.354682e+00
upper bound estimate of eta = 6.475840e+00
lower bound estimate of eta = 6.355840e+00
upper bound estimate of delta = 8.180000e-01
lower bound estimate of delta = 8.100000e-01
    iteration	            R	          eta	        delta	            E	         dEdR	       dEdeta	     dEddelta	    grad norm
minimum found at:
           16	 1.880495e+00	 6.377847e+00	 8.161384e-01	-7.852035e+00	 9.642220e-08	 8.107095e-07	-5.880481e-06	 5.936885e-06
psi(R) = 1.97e-01
parameter values for minimization:
K33 = 3.000000e+01
k24 = 6.000000e-01
Lambda = 2.500000e+01
d0 = 1.000000e+00
omega = 4.990000e+01
gamma_s = 1.000000e-01
initial guesses for R, eta, and delta:
guess for R = 1.880495e+00
guess for eta = 6.377847e+00
guess for delta = 8.161384e-01
estimated ranges of R, eta, and delta:
upper bound estimate of R = 2.820743e+00
lower bound estimate of R = 1.410371e+00
upper bound estimate of eta = 6.477847e+00
lower bound estimate of eta = 6.357847e+00
upper bound estimate of delta = 8.180000e-01
lower bound estimate of delta = 8.100000e-01
    iteration	            R	          eta	        delta	            E	         dEdR	       dEdeta	     dEddelta	    grad norm
a-alpha = -2.266123e-08, fpa = -2.678051e-09
a-alpha = 2.386687e-08, fpa = 1.600421e-09
minimum found at:
           23	 1.949548e+00	 6.379665e+00	 8.161575e-01	-7.851457e+00	 2.560975e-08	 5.610327e-07	-7.793766e-06	 7.813974e-06
psi(R) = 1.98e-01
OSError: [Errno 122] Disk quota exceeded

During handling of the above exception, another exception occurred:

Traceback (most recent call last):
  File "scan2d.py", line 116, in <module>
    run.concatenate_observables("\\Lambda")
  File "../../modules_gammak24/singlerun.py", line 146, in concatenate_observables
    os.remove(fname)
OSError: [Errno 122] Disk quota exceeded
