hi
Restoring modules from user's standard_modules
parameter values for minimization:
K33 = 3.000000e+01
k24 = 6.000000e-01
Lambda = 0.000000e+00
d0 = 1.000000e+00
omega = 7.280000e+01
gamma_s = 1.000000e-01
initial guesses for R, eta, and delta:
guess for R = 5.000000e-01
guess for eta = 6.300000e+00
guess for delta = 8.100000e-01
estimated ranges of R, eta, and delta:
upper bound estimate of R = 2.000000e+00
lower bound estimate of R = 1.000000e-01
upper bound estimate of eta = 6.430000e+00
lower bound estimate of eta = 6.290000e+00
upper bound estimate of delta = 8.160000e-01
lower bound estimate of delta = 8.000000e-01
    iteration	            R	          eta	        delta	            E	         dEdR	       dEdeta	     dEddelta	    grad norm
minimum found at:
            5	 4.384966e-01	 6.300000e+00	 8.164966e-01	-1.211605e+01	-1.402387e-09	 0.000000e+00	 3.700743e-09	 3.957549e-09
psi(R) = 3.15e-01
parameter values for minimization:
K33 = 3.000000e+01
k24 = 6.000000e-01
Lambda = 1.000000e+00
d0 = 1.000000e+00
omega = 7.280000e+01
gamma_s = 1.000000e-01
initial guesses for R, eta, and delta:
guess for R = 4.384966e-01
guess for eta = 6.300000e+00
guess for delta = 8.164966e-01
estimated ranges of R, eta, and delta:
upper bound estimate of R = 6.577449e-01
lower bound estimate of R = 3.288724e-01
upper bound estimate of eta = 6.400000e+00
lower bound estimate of eta = 6.280000e+00
upper bound estimate of delta = 8.180000e-01
lower bound estimate of delta = 8.100000e-01
    iteration	            R	          eta	        delta	            E	         dEdR	       dEdeta	     dEddelta	    grad norm
minimum found at:
           12	 3.105062e-01	 6.358716e+00	 8.153212e-01	-1.200684e+01	-8.210060e-08	-9.449232e-07	 6.935193e-06	 6.999752e-06
psi(R) = 2.39e-01
parameter values for minimization:
K33 = 3.000000e+01
k24 = 6.000000e-01
Lambda = 2.000000e+00
d0 = 1.000000e+00
omega = 7.280000e+01
gamma_s = 1.000000e-01
initial guesses for R, eta, and delta:
guess for R = 3.105062e-01
guess for eta = 6.358716e+00
guess for delta = 8.153212e-01
estimated ranges of R, eta, and delta:
upper bound estimate of R = 4.657593e-01
lower bound estimate of R = 2.328796e-01
upper bound estimate of eta = 6.458716e+00
lower bound estimate of eta = 6.338716e+00
upper bound estimate of delta = 8.180000e-01
lower bound estimate of delta = 8.100000e-01
    iteration	            R	          eta	        delta	            E	         dEdR	       dEdeta	     dEddelta	    grad norm
a-alpha = -8.027508e-09, fpa = -3.880838e-09
a-alpha = 4.572320e-08, fpa = 1.289088e-09
minimum found at:
           17	 2.867041e-01	 6.347882e+00	 8.148997e-01	-1.195014e+01	-3.953737e-07	 1.397894e-06	 2.605323e-06	 2.982975e-06
psi(R) = 2.19e-01
parameter values for minimization:
K33 = 3.000000e+01
k24 = 6.000000e-01
Lambda = 3.000000e+00
d0 = 1.000000e+00
omega = 7.280000e+01
gamma_s = 1.000000e-01
initial guesses for R, eta, and delta:
guess for R = 2.867041e-01
guess for eta = 6.347882e+00
guess for delta = 8.148997e-01
estimated ranges of R, eta, and delta:
upper bound estimate of R = 4.300562e-01
lower bound estimate of R = 2.150281e-01
upper bound estimate of eta = 6.447882e+00
lower bound estimate of eta = 6.327882e+00
upper bound estimate of delta = 8.180000e-01
lower bound estimate of delta = 8.100000e-01
    iteration	            R	          eta	        delta	            E	         dEdR	       dEdeta	     dEddelta	    grad norm
minimum found at:
           12	 2.753464e-01	 6.341723e+00	 8.146382e-01	-1.190873e+01	-8.894393e-08	-3.848773e-08	 6.069219e-07	 6.146109e-07
psi(R) = 2.07e-01
parameter values for minimization:
K33 = 3.000000e+01
k24 = 6.000000e-01
Lambda = 4.000000e+00
d0 = 1.000000e+00
omega = 7.280000e+01
gamma_s = 1.000000e-01
initial guesses for R, eta, and delta:
guess for R = 2.753464e-01
guess for eta = 6.341723e+00
guess for delta = 8.146382e-01
estimated ranges of R, eta, and delta:
upper bound estimate of R = 4.130196e-01
lower bound estimate of R = 2.065098e-01
upper bound estimate of eta = 6.441723e+00
lower bound estimate of eta = 6.321723e+00
upper bound estimate of delta = 8.180000e-01
lower bound estimate of delta = 8.100000e-01
    iteration	            R	          eta	        delta	            E	         dEdR	       dEdeta	     dEddelta	    grad norm
minimum found at:
           10	 2.690161e-01	 6.337493e+00	 8.144554e-01	-1.187557e+01	 3.099517e-07	 1.070748e-07	-6.047015e-06	 6.055900e-06
psi(R) = 1.99e-01
parameter values for minimization:
K33 = 3.000000e+01
k24 = 6.000000e-01
Lambda = 5.000000e+00
d0 = 1.000000e+00
omega = 7.280000e+01
gamma_s = 1.000000e-01
initial guesses for R, eta, and delta:
guess for R = 2.690161e-01
guess for eta = 6.337493e+00
guess for delta = 8.144554e-01
estimated ranges of R, eta, and delta:
upper bound estimate of R = 4.035241e-01
lower bound estimate of R = 2.017621e-01
upper bound estimate of eta = 6.437493e+00
lower bound estimate of eta = 6.317493e+00
upper bound estimate of delta = 8.180000e-01
lower bound estimate of delta = 8.100000e-01
    iteration	            R	          eta	        delta	            E	         dEdR	       dEdeta	     dEddelta	    grad norm
a-alpha = 3.323499e-08, fpa = 2.055521e-09
minimum found at:
           14	 2.654364e-01	 6.334312e+00	 8.143214e-01	-1.184778e+01	 3.870920e-07	-8.319271e-07	 2.092400e-05	 2.094411e-05
psi(R) = 1.92e-01
parameter values for minimization:
K33 = 3.000000e+01
k24 = 6.000000e-01
Lambda = 6.000000e+00
d0 = 1.000000e+00
omega = 7.280000e+01
gamma_s = 1.000000e-01
initial guesses for R, eta, and delta:
guess for R = 2.654364e-01
guess for eta = 6.334312e+00
guess for delta = 8.143214e-01
estimated ranges of R, eta, and delta:
upper bound estimate of R = 3.981546e-01
lower bound estimate of R = 1.990773e-01
upper bound estimate of eta = 6.434312e+00
lower bound estimate of eta = 6.314312e+00
upper bound estimate of delta = 8.180000e-01
lower bound estimate of delta = 8.100000e-01
    iteration	            R	          eta	        delta	            E	         dEdR	       dEdeta	     dEddelta	    grad norm
a-alpha = -6.799455e-09, fpa = -7.640144e-09
minimum found at:
           13	 2.636377e-01	 6.331790e+00	 8.142208e-01	-1.182382e+01	 5.285361e-07	-2.358607e-07	-1.476597e-05	 1.477730e-05
psi(R) = 1.87e-01
OSError: [Errno 122] Disk quota exceeded

During handling of the above exception, another exception occurred:

Traceback (most recent call last):
  File "scan2d.py", line 116, in <module>
    run.concatenate_observables("\\Lambda")
  File "../../modules_gammak24/singlerun.py", line 146, in concatenate_observables
    os.remove(fname)
OSError: [Errno 122] Disk quota exceeded
