hi
Restoring modules from user's standard_modules
parameter values for minimization:
K33 = 3.000000e+01
k24 = 6.000000e-01
Lambda = 0.000000e+00
d0 = 1.000000e+00
omega = 3.080000e+01
gamma_s = 1.000000e-01
initial guesses for R, eta, and delta:
guess for R = 5.000000e-01
guess for eta = 6.300000e+00
guess for delta = 8.100000e-01
estimated ranges of R, eta, and delta:
upper bound estimate of R = 2.000000e+00
lower bound estimate of R = 1.000000e-01
upper bound estimate of eta = 6.430000e+00
lower bound estimate of eta = 6.290000e+00
upper bound estimate of delta = 8.160000e-01
lower bound estimate of delta = 8.000000e-01
    iteration	            R	          eta	        delta	            E	         dEdR	       dEdeta	     dEddelta	    grad norm
minimum found at:
            6	 4.384966e-01	 6.300000e+00	 8.164966e-01	-5.116049e+00	-9.349247e-11	 0.000000e+00	-1.295260e-08	 1.295294e-08
psi(R) = 3.15e-01
parameter values for minimization:
K33 = 3.000000e+01
k24 = 6.000000e-01
Lambda = 1.000000e+00
d0 = 1.000000e+00
omega = 3.080000e+01
gamma_s = 1.000000e-01
initial guesses for R, eta, and delta:
guess for R = 4.384966e-01
guess for eta = 6.300000e+00
guess for delta = 8.164966e-01
estimated ranges of R, eta, and delta:
upper bound estimate of R = 6.577449e-01
lower bound estimate of R = 3.288724e-01
upper bound estimate of eta = 6.400000e+00
lower bound estimate of eta = 6.280000e+00
upper bound estimate of delta = 8.180000e-01
lower bound estimate of delta = 8.100000e-01
    iteration	            R	          eta	        delta	            E	         dEdR	       dEdeta	     dEddelta	    grad norm
minimum found at:
           13	 3.106532e-01	 6.358779e+00	 8.137100e-01	-5.006973e+00	-6.823712e-08	 8.733754e-08	 5.158836e-06	 5.160027e-06
psi(R) = 2.39e-01
parameter values for minimization:
K33 = 3.000000e+01
k24 = 6.000000e-01
Lambda = 2.000000e+00
d0 = 1.000000e+00
omega = 3.080000e+01
gamma_s = 1.000000e-01
initial guesses for R, eta, and delta:
guess for R = 3.106532e-01
guess for eta = 6.358779e+00
guess for delta = 8.137100e-01
estimated ranges of R, eta, and delta:
upper bound estimate of R = 4.659798e-01
lower bound estimate of R = 2.329899e-01
upper bound estimate of eta = 6.458779e+00
lower bound estimate of eta = 6.338779e+00
upper bound estimate of delta = 8.180000e-01
lower bound estimate of delta = 8.100000e-01
    iteration	            R	          eta	        delta	            E	         dEdR	       dEdeta	     dEddelta	    grad norm
minimum found at:
           18	 2.868710e-01	 6.347966e+00	 8.127048e-01	-4.950393e+00	 4.892182e-08	-8.413023e-08	-3.071617e-07	 3.222104e-07
psi(R) = 2.19e-01
parameter values for minimization:
K33 = 3.000000e+01
k24 = 6.000000e-01
Lambda = 3.000000e+00
d0 = 1.000000e+00
omega = 3.080000e+01
gamma_s = 1.000000e-01
initial guesses for R, eta, and delta:
guess for R = 2.868710e-01
guess for eta = 6.347966e+00
guess for delta = 8.127048e-01
estimated ranges of R, eta, and delta:
upper bound estimate of R = 4.303065e-01
lower bound estimate of R = 2.151532e-01
upper bound estimate of eta = 6.447966e+00
lower bound estimate of eta = 6.327966e+00
upper bound estimate of delta = 8.180000e-01
lower bound estimate of delta = 8.100000e-01
    iteration	            R	          eta	        delta	            E	         dEdR	       dEdeta	     dEddelta	    grad norm
minimum found at:
           13	 2.755031e-01	 6.341817e+00	 8.120789e-01	-4.909069e+00	-1.197155e-08	 4.440892e-08	-6.846375e-07	 6.861807e-07
psi(R) = 2.08e-01
parameter values for minimization:
K33 = 3.000000e+01
k24 = 6.000000e-01
Lambda = 4.000000e+00
d0 = 1.000000e+00
omega = 3.080000e+01
gamma_s = 1.000000e-01
initial guesses for R, eta, and delta:
guess for R = 2.755031e-01
guess for eta = 6.341817e+00
guess for delta = 8.120789e-01
estimated ranges of R, eta, and delta:
upper bound estimate of R = 4.132547e-01
lower bound estimate of R = 2.066273e-01
upper bound estimate of eta = 6.441817e+00
lower bound estimate of eta = 6.321817e+00
upper bound estimate of delta = 8.180000e-01
lower bound estimate of delta = 8.100000e-01
    iteration	            R	          eta	        delta	            E	         dEdR	       dEdeta	     dEddelta	    grad norm
minimum found at:
           15	 2.691478e-01	 6.337593e+00	 8.116404e-01	-4.875988e+00	-1.256582e-07	-2.158767e-07	 5.758357e-06	 5.763772e-06
psi(R) = 1.99e-01
parameter values for minimization:
K33 = 3.000000e+01
k24 = 6.000000e-01
Lambda = 5.000000e+00
d0 = 1.000000e+00
omega = 3.080000e+01
gamma_s = 1.000000e-01
initial guesses for R, eta, and delta:
guess for R = 2.691478e-01
guess for eta = 6.337593e+00
guess for delta = 8.116404e-01
estimated ranges of R, eta, and delta:
upper bound estimate of R = 4.037217e-01
lower bound estimate of R = 2.018608e-01
upper bound estimate of eta = 6.437593e+00
lower bound estimate of eta = 6.317593e+00
upper bound estimate of delta = 8.180000e-01
lower bound estimate of delta = 8.100000e-01
    iteration	            R	          eta	        delta	            E	         dEdR	       dEdeta	     dEddelta	    grad norm
minimum found at:
           18	 2.655328e-01	 6.334416e+00	 8.113175e-01	-4.848251e+00	-5.866605e-09	 4.884981e-08	 3.330669e-08	 5.941428e-08
psi(R) = 1.92e-01
parameter values for minimization:
K33 = 3.000000e+01
k24 = 6.000000e-01
Lambda = 6.000000e+00
d0 = 1.000000e+00
omega = 3.080000e+01
gamma_s = 1.000000e-01
initial guesses for R, eta, and delta:
guess for R = 2.655328e-01
guess for eta = 6.334416e+00
guess for delta = 8.113175e-01
estimated ranges of R, eta, and delta:
upper bound estimate of R = 3.982992e-01
lower bound estimate of R = 1.991496e-01
upper bound estimate of eta = 6.434416e+00
lower bound estimate of eta = 6.314416e+00
upper bound estimate of delta = 8.180000e-01
lower bound estimate of delta = 8.100000e-01
    iteration	            R	          eta	        delta	            E	         dEdR	       dEdeta	     dEddelta	    grad norm
minimum found at:
            7	 2.636897e-01	 6.331896e+00	 8.110751e-01	-4.824332e+00	 1.427154e-07	 8.536381e-08	 7.479202e-06	 7.481051e-06
psi(R) = 1.87e-01
parameter values for minimization:
K33 = 3.000000e+01
k24 = 6.000000e-01
Lambda = 7.000000e+00
d0 = 1.000000e+00
omega = 3.080000e+01
gamma_s = 1.000000e-01
initial guesses for R, eta, and delta:
guess for R = 2.636897e-01
guess for eta = 6.331896e+00
guess for delta = 8.110751e-01
estimated ranges of R, eta, and delta:
upper bound estimate of R = 3.955346e-01
lower bound estimate of R = 1.977673e-01
upper bound estimate of eta = 6.431896e+00
lower bound estimate of eta = 6.311896e+00
upper bound estimate of delta = 8.180000e-01
lower bound estimate of delta = 8.100000e-01
    iteration	            R	          eta	        delta	            E	         dEdR	       dEdeta	     dEddelta	    grad norm
minimum found at:
            6	 2.631365e-01	 6.329826e+00	 8.108929e-01	-4.803313e+00	 9.131757e-09	-4.934325e-10	-8.622732e-07	 8.623217e-07
psi(R) = 1.82e-01
parameter values for minimization:
K33 = 3.000000e+01
k24 = 6.000000e-01
Lambda = 8.000000e+00
d0 = 1.000000e+00
omega = 3.080000e+01
gamma_s = 1.000000e-01
initial guesses for R, eta, and delta:
guess for R = 2.631365e-01
guess for eta = 6.329826e+00
guess for delta = 8.108929e-01
estimated ranges of R, eta, and delta:
upper bound estimate of R = 3.947047e-01
lower bound estimate of R = 1.973524e-01
upper bound estimate of eta = 6.429826e+00
lower bound estimate of eta = 6.309826e+00
upper bound estimate of delta = 8.180000e-01
lower bound estimate of delta = 8.100000e-01
    iteration	            R	          eta	        delta	            E	         dEdR	       dEdeta	     dEddelta	    grad norm
minimum found at:
            6	 2.636171e-01	 6.328085e+00	 8.107590e-01	-4.784593e+00	-5.400564e-09	-2.023073e-08	-2.013204e-06	 2.013313e-06
psi(R) = 1.78e-01
parameter values for minimization:
K33 = 3.000000e+01
k24 = 6.000000e-01
Lambda = 9.000000e+00
d0 = 1.000000e+00
omega = 3.080000e+01
gamma_s = 1.000000e-01
initial guesses for R, eta, and delta:
guess for R = 2.636171e-01
guess for eta = 6.328085e+00
guess for delta = 8.107590e-01
estimated ranges of R, eta, and delta:
upper bound estimate of R = 3.954256e-01
lower bound estimate of R = 1.977128e-01
upper bound estimate of eta = 6.428085e+00
lower bound estimate of eta = 6.308085e+00
upper bound estimate of delta = 8.180000e-01
lower bound estimate of delta = 8.100000e-01
    iteration	            R	          eta	        delta	            E	         dEdR	       dEdeta	     dEddelta	    grad norm
minimum found at:
           13	 2.650000e-01	 6.326596e+00	 8.106656e-01	-4.767755e+00	 4.511732e-07	 2.634929e-07	 2.194541e-06	 2.255880e-06
psi(R) = 1.75e-01
parameter values for minimization:
K33 = 3.000000e+01
k24 = 6.000000e-01
Lambda = 1.000000e+01
d0 = 1.000000e+00
omega = 3.080000e+01
gamma_s = 1.000000e-01
initial guesses for R, eta, and delta:
guess for R = 2.650000e-01
guess for eta = 6.326596e+00
guess for delta = 8.106656e-01
estimated ranges of R, eta, and delta:
upper bound estimate of R = 3.975000e-01
lower bound estimate of R = 1.987500e-01
upper bound estimate of eta = 6.426596e+00
lower bound estimate of eta = 6.306596e+00
upper bound estimate of delta = 8.180000e-01
lower bound estimate of delta = 8.100000e-01
    iteration	            R	          eta	        delta	            E	         dEdR	       dEdeta	     dEddelta	    grad norm
a-alpha = -4.273983e-08, fpa = -9.415588e-10
minimum found at:
           10	 2.672346e-01	 6.325309e+00	 8.106074e-01	-4.752499e+00	 3.710612e-07	-2.812565e-08	-2.405483e-07	 4.431038e-07
psi(R) = 1.72e-01
parameter values for minimization:
K33 = 3.000000e+01
k24 = 6.000000e-01
Lambda = 1.100000e+01
d0 = 1.000000e+00
omega = 3.080000e+01
gamma_s = 1.000000e-01
initial guesses for R, eta, and delta:
guess for R = 2.672346e-01
guess for eta = 6.325309e+00
guess for delta = 8.106074e-01
estimated ranges of R, eta, and delta:
upper bound estimate of R = 4.008519e-01
lower bound estimate of R = 2.004259e-01
upper bound estimate of eta = 6.425309e+00
lower bound estimate of eta = 6.305309e+00
upper bound estimate of delta = 8.180000e-01
lower bound estimate of delta = 8.100000e-01
    iteration	            R	          eta	        delta	            E	         dEdR	       dEdeta	     dEddelta	    grad norm
minimum found at:
            6	 2.703359e-01	 6.324190e+00	 8.105817e-01	-4.738601e+00	 1.220127e-07	-2.721280e-07	-4.888682e-06	 4.897770e-06
psi(R) = 1.69e-01
parameter values for minimization:
K33 = 3.000000e+01
k24 = 6.000000e-01
Lambda = 1.200000e+01
d0 = 1.000000e+00
omega = 3.080000e+01
gamma_s = 1.000000e-01
initial guesses for R, eta, and delta:
guess for R = 2.703359e-01
guess for eta = 6.324190e+00
guess for delta = 8.105817e-01
estimated ranges of R, eta, and delta:
upper bound estimate of R = 4.055038e-01
lower bound estimate of R = 2.027519e-01
upper bound estimate of eta = 6.424190e+00
lower bound estimate of eta = 6.304190e+00
upper bound estimate of delta = 8.180000e-01
lower bound estimate of delta = 8.100000e-01
    iteration	            R	          eta	        delta	            E	         dEdR	       dEdeta	     dEddelta	    grad norm
minimum found at:
            7	 2.743857e-01	 6.323217e+00	 8.105874e-01	-4.725892e+00	-2.648813e-07	 8.264994e-08	 3.282559e-06	 3.294266e-06
psi(R) = 1.66e-01
parameter values for minimization:
K33 = 3.000000e+01
k24 = 6.000000e-01
Lambda = 1.300000e+01
d0 = 1.000000e+00
omega = 3.080000e+01
gamma_s = 1.000000e-01
initial guesses for R, eta, and delta:
guess for R = 2.743857e-01
guess for eta = 6.323217e+00
guess for delta = 8.105874e-01
estimated ranges of R, eta, and delta:
upper bound estimate of R = 4.115785e-01
lower bound estimate of R = 2.057893e-01
upper bound estimate of eta = 6.423217e+00
lower bound estimate of eta = 6.303217e+00
upper bound estimate of delta = 8.180000e-01
lower bound estimate of delta = 8.100000e-01
    iteration	            R	          eta	        delta	            E	         dEdR	       dEdeta	     dEddelta	    grad norm
a-alpha = -1.246277e-08, fpa = -6.018073e-09
minimum found at:
           16	 2.795519e-01	 6.322376e+00	 8.106249e-01	-4.714242e+00	 2.503257e-08	 2.437556e-07	-1.121695e-05	 1.121963e-05
psi(R) = 1.64e-01
parameter values for minimization:
K33 = 3.000000e+01
k24 = 6.000000e-01
Lambda = 1.400000e+01
d0 = 1.000000e+00
omega = 3.080000e+01
gamma_s = 1.000000e-01
initial guesses for R, eta, and delta:
guess for R = 2.795519e-01
guess for eta = 6.322376e+00
guess for delta = 8.106249e-01
estimated ranges of R, eta, and delta:
upper bound estimate of R = 4.193279e-01
lower bound estimate of R = 2.096639e-01
upper bound estimate of eta = 6.422376e+00
lower bound estimate of eta = 6.302376e+00
upper bound estimate of delta = 8.180000e-01
lower bound estimate of delta = 8.100000e-01
    iteration	            R	          eta	        delta	            E	         dEdR	       dEdeta	     dEddelta	    grad norm
minimum found at:
           11	 2.861391e-01	 6.321665e+00	 8.106977e-01	-4.703554e+00	 1.717073e-07	 4.194176e-09	-1.343370e-06	 1.354306e-06
psi(R) = 1.62e-01
parameter values for minimization:
K33 = 3.000000e+01
k24 = 6.000000e-01
Lambda = 1.500000e+01
d0 = 1.000000e+00
omega = 3.080000e+01
gamma_s = 1.000000e-01
initial guesses for R, eta, and delta:
guess for R = 2.861391e-01
guess for eta = 6.321665e+00
guess for delta = 8.106977e-01
estimated ranges of R, eta, and delta:
upper bound estimate of R = 4.292086e-01
lower bound estimate of R = 2.146043e-01
upper bound estimate of eta = 6.421665e+00
lower bound estimate of eta = 6.301665e+00
upper bound estimate of delta = 8.180000e-01
lower bound estimate of delta = 8.100000e-01
    iteration	            R	          eta	        delta	            E	         dEdR	       dEdeta	     dEddelta	    grad norm
minimum found at:
            7	 2.947117e-01	 6.321095e+00	 8.108124e-01	-4.693759e+00	-1.706515e-07	 1.046077e-07	-7.864080e-06	 7.866627e-06
psi(R) = 1.60e-01
parameter values for minimization:
K33 = 3.000000e+01
k24 = 6.000000e-01
Lambda = 1.600000e+01
d0 = 1.000000e+00
omega = 3.080000e+01
gamma_s = 1.000000e-01
initial guesses for R, eta, and delta:
guess for R = 2.947117e-01
guess for eta = 6.321095e+00
guess for delta = 8.108124e-01
estimated ranges of R, eta, and delta:
upper bound estimate of R = 4.420676e-01
lower bound estimate of R = 2.210338e-01
upper bound estimate of eta = 6.421095e+00
lower bound estimate of eta = 6.301095e+00
upper bound estimate of delta = 8.180000e-01
lower bound estimate of delta = 8.100000e-01
    iteration	            R	          eta	        delta	            E	         dEdR	       dEdeta	     dEddelta	    grad norm
a-alpha = -9.037389e-08, fpa = -9.266847e-10
a-alpha = -1.728317e-08, fpa = -3.598124e-09
minimum found at:
           17	 3.064446e-01	 6.320700e+00	 8.109853e-01	-4.684817e+00	 1.564455e-07	-3.700743e-08	 1.250481e-05	 1.250585e-05
psi(R) = 1.58e-01
parameter values for minimization:
K33 = 3.000000e+01
k24 = 6.000000e-01
Lambda = 1.700000e+01
d0 = 1.000000e+00
omega = 3.080000e+01
gamma_s = 1.000000e-01
initial guesses for R, eta, and delta:
guess for R = 3.064446e-01
guess for eta = 6.320700e+00
guess for delta = 8.109853e-01
estimated ranges of R, eta, and delta:
upper bound estimate of R = 4.596669e-01
lower bound estimate of R = 2.298334e-01
upper bound estimate of eta = 6.420700e+00
lower bound estimate of eta = 6.300700e+00
upper bound estimate of delta = 8.180000e-01
lower bound estimate of delta = 8.100000e-01
    iteration	            R	          eta	        delta	            E	         dEdR	       dEdeta	     dEddelta	    grad norm
a-alpha = -1.890608e-08, fpa = -1.302633e-09
a-alpha = -1.602448e-08, fpa = -3.447553e-09
a-alpha = -1.232115e-08, fpa = -1.609450e-09
a-alpha = 1.643600e-07, fpa = 1.111329e-09
a-alpha = 3.450869e-07, fpa = 4.350948e-10
a-alpha = 1.953415e-07, fpa = 2.831259e-10
a-alpha = 2.793862e-07, fpa = 2.324679e-10
a-alpha = -7.509997e-08, fpa = -3.807321e-10
minimum found at:
           99	 3.244994e-01	 6.320600e+00	 8.112572e-01	-4.676737e+00	 2.018528e-07	-6.054416e-07	-9.085325e-06	 9.107713e-06
psi(R) = 1.57e-01
parameter values for minimization:
K33 = 3.000000e+01
k24 = 6.000000e-01
Lambda = 1.800000e+01
d0 = 1.000000e+00
omega = 3.080000e+01
gamma_s = 1.000000e-01
initial guesses for R, eta, and delta:
guess for R = 3.244994e-01
guess for eta = 6.320600e+00
guess for delta = 8.112572e-01
estimated ranges of R, eta, and delta:
upper bound estimate of R = 4.867491e-01
lower bound estimate of R = 2.433745e-01
upper bound estimate of eta = 6.420600e+00
lower bound estimate of eta = 6.300600e+00
upper bound estimate of delta = 8.180000e-01
lower bound estimate of delta = 8.100000e-01
    iteration	            R	          eta	        delta	            E	         dEdR	       dEdeta	     dEddelta	    grad norm
Did not successfully find a minimum. Exceeded 100 iterations.
parameter values for minimization:
K33 = 3.000000e+01
k24 = 6.000000e-01
Lambda = 1.800000e+01
d0 = 1.000000e+00
omega = 3.080000e+01
gamma_s = 1.000000e-01
initial guesses for R, eta, and delta:
guess for R = 1.000000e+00
guess for eta = 6.320600e+00
guess for delta = 8.112572e-01
estimated ranges of R, eta, and delta:
upper bound estimate of R = 1.500000e+00
lower bound estimate of R = 7.500000e-01
upper bound estimate of eta = 6.420600e+00
lower bound estimate of eta = 6.300600e+00
upper bound estimate of delta = 8.180000e-01
lower bound estimate of delta = 8.100000e-01
    iteration	            R	          eta	        delta	            E	         dEdR	       dEdeta	     dEddelta	    grad norm
a-alpha = 6.550536e-08, fpa = 1.349398e-09
minimum found at:
           46	 1.294963e+00	 6.360336e+00	 8.155003e-01	-4.674093e+00	 3.619820e-08	 3.713079e-07	-6.676141e-06	 6.686557e-06
psi(R) = 1.87e-01
parameter values for minimization:
K33 = 3.000000e+01
k24 = 6.000000e-01
Lambda = 1.900000e+01
d0 = 1.000000e+00
omega = 3.080000e+01
gamma_s = 1.000000e-01
initial guesses for R, eta, and delta:
guess for R = 1.294963e+00
guess for eta = 6.360336e+00
guess for delta = 8.155003e-01
estimated ranges of R, eta, and delta:
upper bound estimate of R = 1.942445e+00
lower bound estimate of R = 9.712223e-01
upper bound estimate of eta = 6.460336e+00
lower bound estimate of eta = 6.340336e+00
upper bound estimate of delta = 8.180000e-01
lower bound estimate of delta = 8.100000e-01
    iteration	            R	          eta	        delta	            E	         dEdR	       dEdeta	     dEddelta	    grad norm
a-alpha = -5.158904e-08, fpa = -1.141493e-09
a-alpha = 3.117979e-08, fpa = 4.503882e-09
minimum found at:
           14	 1.426998e+00	 6.364654e+00	 8.156269e-01	-4.672833e+00	 2.176499e-08	-4.709813e-07	-8.526513e-06	 8.539539e-06
psi(R) = 1.90e-01
parameter values for minimization:
K33 = 3.000000e+01
k24 = 6.000000e-01
Lambda = 2.000000e+01
d0 = 1.000000e+00
omega = 3.080000e+01
gamma_s = 1.000000e-01
initial guesses for R, eta, and delta:
guess for R = 1.426998e+00
guess for eta = 6.364654e+00
guess for delta = 8.156269e-01
estimated ranges of R, eta, and delta:
upper bound estimate of R = 2.140497e+00
lower bound estimate of R = 1.070248e+00
upper bound estimate of eta = 6.464654e+00
lower bound estimate of eta = 6.344654e+00
upper bound estimate of delta = 8.180000e-01
lower bound estimate of delta = 8.100000e-01
    iteration	            R	          eta	        delta	            E	         dEdR	       dEdeta	     dEddelta	    grad norm
minimum found at:
           21	 1.538440e+00	 6.368117e+00	 8.157157e-01	-4.671774e+00	-1.095442e-08	 3.305997e-07	 8.811470e-06	 8.817677e-06
psi(R) = 1.92e-01
parameter values for minimization:
K33 = 3.000000e+01
k24 = 6.000000e-01
Lambda = 2.100000e+01
d0 = 1.000000e+00
omega = 3.080000e+01
gamma_s = 1.000000e-01
initial guesses for R, eta, and delta:
guess for R = 1.538440e+00
guess for eta = 6.368117e+00
guess for delta = 8.157157e-01
estimated ranges of R, eta, and delta:
upper bound estimate of R = 2.307660e+00
lower bound estimate of R = 1.153830e+00
upper bound estimate of eta = 6.468117e+00
lower bound estimate of eta = 6.348117e+00
upper bound estimate of delta = 8.180000e-01
lower bound estimate of delta = 8.100000e-01
    iteration	            R	          eta	        delta	            E	         dEdR	       dEdeta	     dEddelta	    grad norm
minimum found at:
           16	 1.636451e+00	 6.371037e+00	 8.157825e-01	-4.670860e+00	 1.970599e-08	-3.676072e-08	-2.438790e-06	 2.439147e-06
psi(R) = 1.94e-01
parameter values for minimization:
K33 = 3.000000e+01
k24 = 6.000000e-01
Lambda = 2.200000e+01
d0 = 1.000000e+00
omega = 3.080000e+01
gamma_s = 1.000000e-01
initial guesses for R, eta, and delta:
guess for R = 1.636451e+00
guess for eta = 6.371037e+00
guess for delta = 8.157825e-01
estimated ranges of R, eta, and delta:
upper bound estimate of R = 2.454677e+00
lower bound estimate of R = 1.227338e+00
upper bound estimate of eta = 6.471037e+00
lower bound estimate of eta = 6.351037e+00
upper bound estimate of delta = 8.180000e-01
lower bound estimate of delta = 8.100000e-01
    iteration	            R	          eta	        delta	            E	         dEdR	       dEdeta	     dEddelta	    grad norm
a-alpha = 4.743999e-08, fpa = 1.061798e-09
a-alpha = -5.568814e-08, fpa = -1.523339e-09
a-alpha = -3.580432e-08, fpa = -7.934562e-10
a-alpha = 1.906220e-07, fpa = 3.088084e-10
minimum found at:
           35	 1.724648e+00	 6.373570e+00	 8.158357e-01	-4.670058e+00	 2.687199e-08	-7.061018e-07	 3.101223e-06	 3.180705e-06
psi(R) = 1.95e-01
parameter values for minimization:
K33 = 3.000000e+01
k24 = 6.000000e-01
Lambda = 2.300000e+01
d0 = 1.000000e+00
omega = 3.080000e+01
gamma_s = 1.000000e-01
initial guesses for R, eta, and delta:
guess for R = 1.724648e+00
guess for eta = 6.373570e+00
guess for delta = 8.158357e-01
estimated ranges of R, eta, and delta:
upper bound estimate of R = 2.586972e+00
lower bound estimate of R = 1.293486e+00
upper bound estimate of eta = 6.473570e+00
lower bound estimate of eta = 6.353570e+00
upper bound estimate of delta = 8.180000e-01
lower bound estimate of delta = 8.100000e-01
    iteration	            R	          eta	        delta	            E	         dEdR	       dEdeta	     dEddelta	    grad norm
minimum found at:
           20	 1.805198e+00	 6.375811e+00	 8.158791e-01	-4.669346e+00	-1.577017e-08	 4.756689e-07	-3.108624e-07	 5.684585e-07
psi(R) = 1.96e-01
parameter values for minimization:
K33 = 3.000000e+01
k24 = 6.000000e-01
Lambda = 2.400000e+01
d0 = 1.000000e+00
omega = 3.080000e+01
gamma_s = 1.000000e-01
initial guesses for R, eta, and delta:
guess for R = 1.805198e+00
guess for eta = 6.375811e+00
guess for delta = 8.158791e-01
estimated ranges of R, eta, and delta:
upper bound estimate of R = 2.707797e+00
lower bound estimate of R = 1.353899e+00
upper bound estimate of eta = 6.475811e+00
lower bound estimate of eta = 6.355811e+00
upper bound estimate of delta = 8.180000e-01
lower bound estimate of delta = 8.100000e-01
    iteration	            R	          eta	        delta	            E	         dEdR	       dEdeta	     dEddelta	    grad norm
a-alpha = 2.812731e-08, fpa = 1.177411e-09
minimum found at:
           22	 1.879545e+00	 6.377821e+00	 8.159157e-01	-4.668706e+00	 2.613128e-08	 5.726284e-07	 8.411790e-06	 8.431298e-06
psi(R) = 1.97e-01
parameter values for minimization:
K33 = 3.000000e+01
k24 = 6.000000e-01
Lambda = 2.500000e+01
d0 = 1.000000e+00
omega = 3.080000e+01
gamma_s = 1.000000e-01
initial guesses for R, eta, and delta:
guess for R = 1.879545e+00
guess for eta = 6.377821e+00
guess for delta = 8.159157e-01
estimated ranges of R, eta, and delta:
upper bound estimate of R = 2.819317e+00
lower bound estimate of R = 1.409659e+00
upper bound estimate of eta = 6.477821e+00
lower bound estimate of eta = 6.357821e+00
upper bound estimate of delta = 8.180000e-01
lower bound estimate of delta = 8.100000e-01
    iteration	            R	          eta	        delta	            E	         dEdR	       dEdeta	     dEddelta	    grad norm
minimum found at:
           29	 1.948684e+00	 6.379642e+00	 8.159466e-01	-4.668127e+00	 4.639388e-08	-4.741886e-07	-5.614028e-06	 5.634209e-06
psi(R) = 1.98e-01
Ri is NAN, trying again with Rguess = 1.0
OSError: [Errno 122] Disk quota exceeded

During handling of the above exception, another exception occurred:

Traceback (most recent call last):
  File "scan2d.py", line 116, in <module>
    run.concatenate_observables("\\Lambda")
  File "../../modules_gammak24/singlerun.py", line 146, in concatenate_observables
    os.remove(fname)
OSError: [Errno 122] Disk quota exceeded
